<?xml version="1.0" encoding="UTF-8"?>
<!-- Generated by org.testng.reporters.JUnitReportReporter -->
<testsuite hostname="LAPTOP-PISM2MGM" failures="0" tests="1" name="firsttestpackage.secondtestngfile" time="0.009" errors="0" timestamp="2021-10-30T21:05:01 ICT" skipped="0">
  <testcase classname="firsttestpackage.secondtestngfile" name="verifyHomepageTitle" time="0.009"/>
  <system-out/>
</testsuite> <!-- firsttestpackage.secondtestngfile -->
