<?xml version="1.0" encoding="UTF-8"?>
<!-- Generated by org.testng.reporters.JUnitReportReporter -->
<testsuite hostname="LAPTOP-PISM2MGM" failures="0" tests="2" name="firsttestpackage.thridtestngfile" time="2.561" errors="0" timestamp="2021-10-30T21:13:09 ICT" skipped="0">
  <testcase classname="firsttestpackage.thridtestngfile" name="register" time="1.324"/>
  <system-out/>
  <testcase classname="firsttestpackage.thridtestngfile" name="support" time="1.237"/>
  <system-out/>
</testsuite> <!-- firsttestpackage.thridtestngfile -->
