<?xml version="1.0" encoding="UTF-8"?>
<!-- Generated by org.testng.reporters.JUnitReportReporter -->
<testsuite hostname="LAPTOP-PISM2MGM" failures="0" tests="1" name="firsttestpackage.FirstTestNGFile" time="4.649" errors="0" timestamp="2021-10-30T20:52:34 ICT" skipped="0">
  <testcase classname="firsttestpackage.FirstTestNGFile" name="verifyHomepageTitle" time="4.649"/>
  <system-out/>
</testsuite> <!-- firsttestpackage.FirstTestNGFile -->
